[2023-03-25 21:09:58,788] Register- Step 01: Navigave to Resiter Page
[2023-03-25 21:22:16,826] Register- Step 01: Navigave to Resiter Page
[2023-03-25 21:23:12,626] Register- Step 01: Navigave to Resiter Page
[2023-03-25 21:23:14,344] Register- Step 02: Enter to firstName textbox 'Automation'
[2023-03-25 21:23:14,561] Register- Step 03: Enter to lastName textbox 'Testing'
[2023-03-25 21:23:14,772] Register- Step 04: Enter to emailAdress textbox 'ThuyPhan969428@gmail.com'
[2023-03-25 21:23:15,026] Register- Step 05: Enter to password textbox '123456'
[2023-03-25 21:23:15,221] Register- Step 06: Enter to ConfirmPassword textbox '123456'
[2023-03-25 21:23:15,424] Register- Step 07: Click to Register button
[2023-03-25 21:36:29,971] Register- Step 01: Navigave to Resiter Page
[2023-03-25 21:36:31,526] Register- Step 02: Enter to firstName textbox 'Automation'
[2023-03-25 21:36:31,862] Register- Step 03: Enter to lastName textbox 'Testing'
[2023-03-25 21:36:32,161] Register- Step 04: Enter to emailAdress textbox 'ThuyPhan962429@gmail.com'
[2023-03-25 21:36:32,588] Register- Step 05: Enter to password textbox '123456'
[2023-03-25 21:36:32,838] Register- Step 06: Enter to ConfirmPassword textbox '123456'
[2023-03-25 21:36:33,080] Register- Step 07: Click to Register button
[2023-03-25 21:36:34,108] Register- Step 08: Verify messsage display
[2023-03-25 21:36:34,226]  -------------------------- PASSED -------------------------- 
[2023-03-25 21:36:36,636] " -------------------------- PASSED -------------------------- "
[2023-03-25 21:36:37,398] " -------------------------- PASSED -------------------------- "
[2023-03-27 16:50:23,416] Register- Step 01: Navigave to Resiter Page
[2023-03-27 16:50:24,647] Register- Step 02: Enter to firstName textbox 'Automation'
[2023-03-27 16:50:24,930] Register- Step 03: Enter to lastName textbox 'Testing'
[2023-03-27 16:50:25,179] Register- Step 04: Enter to emailAdress textbox 'ThuyPhan969309@gmail.com'
[2023-03-27 16:50:25,459] Register- Step 05: Enter to password textbox '123456'
[2023-03-27 16:50:25,695] Register- Step 06: Enter to ConfirmPassword textbox '123456'
[2023-03-27 16:50:25,973] Register- Step 07: Click to Register button
[2023-03-27 16:50:26,832] Register- Step 08: Verify messsage display
[2023-03-27 16:50:26,942]  -------------------------- FAILED -------------------------- 
[2023-03-27 16:50:29,283]  -------------------------- FAILED -------------------------- 
[2023-03-27 16:50:30,038]  -------------------------- FAILED -------------------------- 
[2023-03-27 17:04:18,295] Register- Step 01: Navigave to Resiter Page
[2023-03-27 17:04:19,162] Register- Step 02: Enter to firstName textbox 'Automation'
[2023-03-27 17:04:19,470] Register- Step 03: Enter to lastName textbox 'Testing'
[2023-03-27 17:04:19,799] Register- Step 04: Enter to emailAdress textbox 'ThuyPhan966302@gmail.com'
[2023-03-27 17:04:20,166] Register- Step 05: Enter to password textbox '123456'
[2023-03-27 17:04:20,426] Register- Step 06: Enter to ConfirmPassword textbox '123456'
[2023-03-27 17:04:20,847] Register- Step 07: Click to Register button
[2023-03-27 17:04:21,886] Register- Step 08: Verify messsage display
[2023-04-04 05:42:25,334] Pre-condition - 1: Open Login Page
[2023-04-04 05:42:26,134] Pre-condition - 2: Enter Email Address
[2023-04-04 05:42:26,201] Pre-condition - 3: Enter Password
[2023-04-04 05:42:26,258] Pre-condition - 4: Click Login button
[2023-04-04 05:42:26,930] OS name = Windows 11
[2023-04-04 05:42:26,930] Driver instance name = chromedriver: chrome on windows (1999397ac4cf6b7a8d2173141b9cfd32)
[2023-04-04 05:43:39,806] Pre-condition - 1: Open Login Page
[2023-04-04 05:43:39,887] Pre-condition - 2: Enter Email Address
[2023-04-04 05:45:05,211] Pre-condition - 1: Open Login Page
[2023-04-04 05:45:05,366] Pre-condition - 2: Enter Email Address
[2023-04-04 05:45:35,710] OS name = Windows 11
[2023-04-04 05:45:35,710] Driver instance name = chromedriver: chrome on windows (1f355e5af7f23c9dc6575752e0e03208)
[2023-04-04 05:45:35,713] no such window: target window already closed
from unknown error: web view not found
  (Session info: chrome=111.0.5563.147)
Build info: version: '3.141.59', revision: 'e82be7d358', time: '2018-11-14T08:25:53'
System info: host: 'DESKTOP-LV65A42', ip: '192.168.56.1', os.name: 'Windows 11', os.arch: 'amd64', os.version: '10.0', java.version: '17.0.3'
Driver info: org.openqa.selenium.chrome.ChromeDriver
Capabilities {acceptInsecureCerts: false, browserName: chrome, browserVersion: 111.0.5563.147, chrome: {chromedriverVersion: 111.0.5563.64 (c710e93d5b63..., userDataDir: C:\Users\Admin\AppData\Loca...}, goog:chromeOptions: {debuggerAddress: localhost:51645}, javascriptEnabled: true, networkConnectionEnabled: false, pageLoadStrategy: normal, platform: WINDOWS, platformName: WINDOWS, proxy: Proxy(), setWindowRect: true, strictFileInteractability: false, timeouts: {implicit: 0, pageLoad: 300000, script: 30000}, unhandledPromptBehavior: dismiss and notify, webauthn:extension:credBlob: true, webauthn:extension:largeBlob: true, webauthn:extension:minPinLength: true, webauthn:extension:prf: true, webauthn:virtualAuthenticators: true}
Session ID: 1f355e5af7f23c9dc6575752e0e03208
[2023-04-04 05:46:18,444] Pre-condition - 1: Open Login Page
[2023-04-04 05:46:18,605] Pre-condition - 2: Enter Email Address
[2023-04-04 05:46:48,965] OS name = Windows 11
[2023-04-04 05:46:48,965] Driver instance name = chromedriver: chrome on windows (2ec965f7deca6d1753cf38294263becc)
[2023-04-04 05:46:48,967] no such window: target window already closed
from unknown error: web view not found
  (Session info: chrome=111.0.5563.147)
Build info: version: '3.141.59', revision: 'e82be7d358', time: '2018-11-14T08:25:53'
System info: host: 'DESKTOP-LV65A42', ip: '192.168.56.1', os.name: 'Windows 11', os.arch: 'amd64', os.version: '10.0', java.version: '17.0.3'
Driver info: org.openqa.selenium.chrome.ChromeDriver
Capabilities {acceptInsecureCerts: false, browserName: chrome, browserVersion: 111.0.5563.147, chrome: {chromedriverVersion: 111.0.5563.64 (c710e93d5b63..., userDataDir: C:\Users\Admin\AppData\Loca...}, goog:chromeOptions: {debuggerAddress: localhost:51690}, javascriptEnabled: true, networkConnectionEnabled: false, pageLoadStrategy: normal, platform: WINDOWS, platformName: WINDOWS, proxy: Proxy(), setWindowRect: true, strictFileInteractability: false, timeouts: {implicit: 0, pageLoad: 300000, script: 30000}, unhandledPromptBehavior: dismiss and notify, webauthn:extension:credBlob: true, webauthn:extension:largeBlob: true, webauthn:extension:minPinLength: true, webauthn:extension:prf: true, webauthn:virtualAuthenticators: true}
Session ID: 2ec965f7deca6d1753cf38294263becc
[2023-04-04 05:49:09,610] OS name = Windows 11
[2023-04-04 05:49:09,611] Cannot invoke "Object.toString()" because "this.driver" is null
[2023-04-04 05:49:19,070] Pre-condition - 1: Open Login Page
[2023-04-04 05:49:19,873] Pre-condition - 2: Enter Email Address
[2023-04-04 05:49:19,939] Pre-condition - 3: Enter Password
[2023-04-04 05:49:19,994] Pre-condition - 4: Click Login button
[2023-04-04 05:49:20,584] OS name = Windows 11
[2023-04-04 05:49:20,584] Driver instance name = chromedriver: chrome on windows (b452ec8834e6fb451b1752515192bb95)
[2023-04-04 05:49:45,561] Pre-condition - 1: Open Login Page
[2023-04-04 05:49:46,319] Pre-condition - 2: Enter Email Address
[2023-04-04 05:49:46,384] Pre-condition - 3: Enter Password
[2023-04-04 05:49:46,441] Pre-condition - 4: Click Login button
[2023-04-04 05:49:47,039] OS name = Windows 11
[2023-04-04 05:49:47,039] Driver instance name = chromedriver: chrome on windows (f8f3d8abdd48338e9029599876b7b433)
[2023-04-04 05:56:41,325] Pre-condition - 1: Open Login Page
[2023-04-04 05:56:42,167] Pre-condition - 2: Enter Email Address
[2023-04-04 05:56:42,233] Pre-condition - 3: Enter Password
[2023-04-04 05:56:42,289] Pre-condition - 4: Click Login button
[2023-04-04 05:56:42,921] OS name = Windows 11
[2023-04-04 05:56:42,921] Driver instance name = chromedriver: chrome on windows (164a0ea75dc7a6917cd32640f5973353)
[2023-04-04 05:59:06,069] Pre-condition - 1: Open Login Page
[2023-04-04 05:59:06,317] Pre-condition - 2: Enter Email Address
[2023-04-04 05:59:36,663] OS name = Windows 11
[2023-04-04 05:59:36,663] Driver instance name = chromedriver: chrome on windows (15869b1df32436864b522f70c97d7197)
[2023-04-04 05:59:36,665] no such window: target window already closed
from unknown error: web view not found
  (Session info: chrome=111.0.5563.147)
Build info: version: '3.141.59', revision: 'e82be7d358', time: '2018-11-14T08:25:53'
System info: host: 'DESKTOP-LV65A42', ip: '192.168.56.1', os.name: 'Windows 11', os.arch: 'amd64', os.version: '10.0', java.version: '17.0.3'
Driver info: org.openqa.selenium.chrome.ChromeDriver
Capabilities {acceptInsecureCerts: false, browserName: chrome, browserVersion: 111.0.5563.147, chrome: {chromedriverVersion: 111.0.5563.64 (c710e93d5b63..., userDataDir: C:\Users\Admin\AppData\Loca...}, goog:chromeOptions: {debuggerAddress: localhost:51939}, javascriptEnabled: true, networkConnectionEnabled: false, pageLoadStrategy: normal, platform: WINDOWS, platformName: WINDOWS, proxy: Proxy(), setWindowRect: true, strictFileInteractability: false, timeouts: {implicit: 0, pageLoad: 300000, script: 30000}, unhandledPromptBehavior: dismiss and notify, webauthn:extension:credBlob: true, webauthn:extension:largeBlob: true, webauthn:extension:minPinLength: true, webauthn:extension:prf: true, webauthn:virtualAuthenticators: true}
Session ID: 15869b1df32436864b522f70c97d7197
[2023-04-04 06:00:26,397] Pre-condition - 1: Open Login Page
[2023-04-04 06:00:26,720] Pre-condition - 2: Enter Email Address
[2023-04-04 06:00:57,145] OS name = Windows 11
[2023-04-04 06:00:57,145] Driver instance name = chromedriver: chrome on windows (cb8c8e2b3186f1a3d143091123adc413)
[2023-04-04 06:00:57,147] no such window: target window already closed
from unknown error: web view not found
  (Session info: chrome=111.0.5563.147)
Build info: version: '3.141.59', revision: 'e82be7d358', time: '2018-11-14T08:25:53'
System info: host: 'DESKTOP-LV65A42', ip: '192.168.56.1', os.name: 'Windows 11', os.arch: 'amd64', os.version: '10.0', java.version: '17.0.3'
Driver info: org.openqa.selenium.chrome.ChromeDriver
Capabilities {acceptInsecureCerts: false, browserName: chrome, browserVersion: 111.0.5563.147, chrome: {chromedriverVersion: 111.0.5563.64 (c710e93d5b63..., userDataDir: C:\Users\Admin\AppData\Loca...}, goog:chromeOptions: {debuggerAddress: localhost:51978}, javascriptEnabled: true, networkConnectionEnabled: false, pageLoadStrategy: normal, platform: WINDOWS, platformName: WINDOWS, proxy: Proxy(), setWindowRect: true, strictFileInteractability: false, timeouts: {implicit: 0, pageLoad: 300000, script: 30000}, unhandledPromptBehavior: dismiss and notify, webauthn:extension:credBlob: true, webauthn:extension:largeBlob: true, webauthn:extension:minPinLength: true, webauthn:extension:prf: true, webauthn:virtualAuthenticators: true}
Session ID: cb8c8e2b3186f1a3d143091123adc413
[2023-04-04 22:01:25,287] Register- Step 01: Navigave to Resiter Page
[2023-04-04 22:01:55,769] Login- Step 01: Open Login Page
[2023-04-04 22:01:56,635] Login- Step 02: Enter to emailAdress textbox 'ThuyPhan967137@gmail.com'
[2023-04-04 22:01:56,695] Login- Step 03: Enter to password textbox '123456'
[2023-04-04 22:01:56,740] Login- Step 04: Click To Login button
[2023-04-04 22:04:13,598] Register- Step 01: Navigave to Resiter Page
[2023-04-04 22:04:44,587] Login- Step 01: Open Login Page
[2023-04-04 22:04:45,411] Login- Step 02: Enter to emailAdress textbox 'ThuyPhan964774@gmail.com'
[2023-04-04 22:04:45,463] Login- Step 03: Enter to password textbox '123456'
[2023-04-04 22:04:45,510] Login- Step 04: Click To Login button
[2023-04-05 06:18:36,679] Register- Step 01: Navigave to Resiter Page
[2023-04-05 06:18:37,508] Register- Step 02: Enter to firstName textbox 'Automation'
[2023-04-05 06:18:37,560] Register- Step 03: Enter to lastName textbox 'Testing'
[2023-04-05 06:18:37,608] Register- Step 04: Enter to emailAdress textbox 'ThuyPhan967088@gmail.com'
[2023-04-05 06:18:37,725] Register- Step 05: Enter to password textbox '123456'
[2023-04-05 06:18:37,808] Register- Step 06: Enter to ConfirmPassword textbox '123456'
[2023-04-05 06:18:37,849] Register- Step 07: Click to Register button
[2023-04-05 06:18:37,926] Register- Step 08: Verify messsage display
[2023-04-05 06:19:07,990] Login- Step 01: Open Login Page
[2023-04-05 06:19:08,863] Login- Step 02: Enter to emailAdress textbox 'ThuyPhan967088@gmail.com'
[2023-04-05 06:19:08,914] Login- Step 03: Enter to password textbox '123456'
[2023-04-05 06:19:08,958] Login- Step 04: Click To Login button
[2023-04-05 06:20:31,420] Register- Step 01: Navigave to Resiter Page
[2023-04-05 06:20:32,279] Register- Step 02: Enter to firstName textbox 'Automation'
[2023-04-05 06:20:32,331] Register- Step 03: Enter to lastName textbox 'Testing'
[2023-04-05 06:20:32,379] Register- Step 04: Enter to emailAdress textbox 'ThuyPhan963650@gmail.com'
[2023-04-05 06:20:32,440] Register- Step 05: Enter to password textbox '123456'
[2023-04-05 06:20:32,485] Register- Step 06: Enter to ConfirmPassword textbox '123456'
[2023-04-05 06:20:32,527] Register- Step 07: Click to Register button
[2023-04-05 06:20:33,104] Register- Step 08: Verify messsage display
[2023-04-05 06:20:33,130]  -------------------------- PASSED -------------------------- 
[2023-04-05 06:20:33,160] Login- Step 01: Open Login Page
[2023-04-05 06:20:33,456] Login- Step 02: Enter to emailAdress textbox 'ThuyPhan963650@gmail.com'
[2023-04-05 06:20:33,508] Login- Step 03: Enter to password textbox '123456'
[2023-04-05 06:20:33,550] Login- Step 04: Click To Login button
[2023-04-05 06:22:25,818] Register- Step 01: Navigave to Resiter Page
[2023-04-05 06:22:56,741] Login- Step 01: Open Login Page
[2023-04-05 06:22:58,065] Login- Step 02: Enter to emailAdress textbox 'ThuyPhan966745@gmail.com'
[2023-04-05 06:22:58,110] Login- Step 03: Enter to password textbox '123456'
[2023-04-05 06:22:58,157] Login- Step 04: Click To Login button
[2023-04-05 06:23:22,962] Register- Step 01: Navigave to Resiter Page
[2023-04-05 06:23:53,897] Login- Step 01: Open Login Page
[2023-04-05 06:23:54,727] Login- Step 02: Enter to emailAdress textbox 'ThuyPhan96648@gmail.com'
[2023-04-05 06:23:54,779] Login- Step 03: Enter to password textbox '123456'
[2023-04-05 06:23:54,821] Login- Step 04: Click To Login button
[2023-04-05 06:24:25,216] OS name = Windows 11
[2023-04-05 06:24:25,216] Driver instance name = chromedriver: chrome on windows (a4b31038f383d197bf780f3ef597eb8e)
